
> temp_app@0.1.0 build
> next build

   Ôľ▓ Next.js 15.2.0
   - Environments: .env

   Creating an optimized production build ...
 Ôťô Compiled successfully
   Linting and checking validity of types ...
node.exe : 
At line:1 char:1
+ & "C:\Program Files\
nodejs/node.exe" "C:\P
rogram Files\nodejs/no
de_mo ...
+ ~~~~~~~~~~~~~~~~~~~~
~~~~~~~~~~~~~~~~~~~~~~
~~~~~~~~~~~~~~~~~~~~~~
~~~~~
    + CategoryInfo    
          : NotSpeci  
  fied: (:String) [   
 ], RemoteExceptio    
n
    + FullyQualifiedE 
   rrorId : NativeCo  
  mmandError
 
Failed to compile.

./src/components/dashb
oard/MoneyPieChart.tsx
18:45  Error: Unexpect
ed any. Specify a diff
erent type.  @typescri
pt-eslint/no-explicit-
any
34:9  Error: Error: Ca
lling setState synchro
nously within an effec
t can trigger cascadin
g renders

Effects are intended t
o synchronize state be
tween React and extern
al systems such as man
ually updating the DOM
, state management lib
raries, or other platf
orm APIs. In general, 
the body of an effect 
should do one or both 
of the following:
* Update external syst
ems with the latest st
ate from React.
* Subscribe for update
s from some external s
ystem, calling setStat
e in a callback functi
on when external state
 changes.

Calling setState synch
ronously within an eff
ect body causes cascad
ing renders that can h
urt performance, and i
s not recommended. (ht
tps://react.dev/learn/
you-might-not-need-an-
effect).

C:\Users\adisa\Sig\src
\components\dashboard\
MoneyPieChart.tsx:34:9
  32 |
  33 |     useEffect((
) => {
> 34 |         setIsMo
unted(true)
     |         ^^^^^^^
^^^^^ Avoid calling se
tState() directly with
in an effect
  35 |     }, [])
  36 |
  37 |     // Blokada 
dla MoneyPieChart - za
pobiega b┼é─Ödom width
(-1) przed za┼éadowani
em layoutu  react-hook
s/set-state-in-effect

./src/components/finan
ce/RegisterCostModal.t
sx
20:10  Warning: 'useFo
rmStatus' is defined b
ut never used.  @types
cript-eslint/no-unused
-vars
42:25  Error: Unexpect
ed any. Specify a diff
erent type.  @typescri
pt-eslint/no-explicit-
any

./src/components/proje
cts/ProjectAnalysisDia
log.tsx
17:19  Error: Unexpect
ed any. Specify a diff
erent type.  @typescri
pt-eslint/no-explicit-
any
40:41  Error: Unexpect
ed any. Specify a diff
erent type.  @typescri
pt-eslint/no-explicit-
any
41:54  Error: Unexpect
ed any. Specify a diff
erent type.  @typescri
pt-eslint/no-explicit-
any

./src/components/proje
cts/ProjectBurnChart.t
sx
17:19  Error: Unexpect
ed any. Specify a diff
erent type.  @typescri
pt-eslint/no-explicit-
any
55:9  Error: Error: Ca
nnot reassign variable
 after render complete
s

Reassigning `cumulativ
eCost` after render ha
s completed can cause 
inconsistent behavior 
on subsequent renders.
 Consider using state 
instead.

C:\Users\adisa\Sig\src
\components\projects\P
rojectBurnChart.tsx:55
:9
  53 |     let cumulat
iveCost = 0
  54 |     const chart
Data = costTransaction
s.map((t) => {
> 55 |         cumulat
iveCost += Number(t.am
ount)
     |         ^^^^^^^
^^^^^^^ Cannot reassig
n `cumulativeCost` aft
er render completes
  56 |         return 
{
  57 |             dat
e: t.transactionDate,
  58 |             Kos
zt: cumulativeCost,  r
eact-hooks/immutabilit
y
102:49  Error: Unexpec
ted any. Specify a dif
ferent type.  @typescr
ipt-eslint/no-explicit
-any
103:44  Error: Unexpec
ted any. Specify a dif
ferent type.  @typescr
ipt-eslint/no-explicit
-any

info  - Need to disabl
e some ESLint rules? L
earn more here: https:
//nextjs.org/docs/app/
api-reference/config/e
slint#disabling-rules
